{"/home/mark/dev/projects/nuxt-net-monitoring/app/assets/css/main.css": {"path":"/home/mark/dev/projects/nuxt-net-monitoring/app/assets/css/main.css","statementMap":{},"fnMap":{},"branchMap":{},"s":{},"f":{},"b":{},"meta":{"lastBranch":0,"lastFunction":0,"lastStatement":0,"seen":{}}}
,"/home/mark/dev/projects/nuxt-net-monitoring/app/components/BandwidthStream.vue": {"path":"/home/mark/dev/projects/nuxt-net-monitoring/app/components/BandwidthStream.vue","statementMap":{"0":{"start":{"line":16,"column":52},"end":{"line":16,"column":null}},"1":{"start":{"line":16,"column":61},"end":{"line":16,"column":null}},"2":{"start":{"line":18,"column":38},"end":{"line":18,"column":null}},"3":{"start":{"line":20,"column":6},"end":{"line":20,"column":22}},"4":{"start":{"line":22,"column":16},"end":{"line":22,"column":null}},"5":{"start":{"line":22,"column":31},"end":{"line":22,"column":null}},"6":{"start":{"line":23,"column":8},"end":{"line":33,"column":null}},"7":{"start":{"line":24,"column":16},"end":{"line":24,"column":null}},"8":{"start":{"line":25,"column":4},"end":{"line":27,"column":null}},"9":{"start":{"line":27,"column":2},"end":{"line":27,"column":null}},"10":{"start":{"line":28,"column":8},"end":{"line":28,"column":31}},"11":{"start":{"line":29,"column":20},"end":{"line":29,"column":null}},"12":{"start":{"line":29,"column":53},"end":{"line":29,"column":63}},"13":{"start":{"line":30,"column":18},"end":{"line":30,"column":null}},"14":{"start":{"line":30,"column":41},"end":{"line":30,"column":null}},"15":{"start":{"line":31,"column":1},"end":{"line":31,"column":null}},"16":{"start":{"line":34,"column":8},"end":{"line":106,"column":null}},"17":{"start":{"line":35,"column":16},"end":{"line":35,"column":null}},"18":{"start":{"line":36,"column":4},"end":{"line":42,"column":9}},"19":{"start":{"line":36,"column":11},"end":{"line":40,"column":null}},"20":{"start":{"line":42,"column":9},"end":{"line":104,"column":null}},"21":{"start":{"line":51,"column":10},"end":{"line":52,"column":null}},"22":{"start":{"line":52,"column":8},"end":{"line":52,"column":null}},"23":{"start":{"line":53,"column":24},"end":{"line":53,"column":null}},"24":{"start":{"line":54,"column":22},"end":{"line":54,"column":null}},"25":{"start":{"line":55,"column":15},"end":{"line":55,"column":null}},"26":{"start":{"line":56,"column":10},"end":{"line":58,"column":null}},"27":{"start":{"line":57,"column":9},"end":{"line":57,"column":null}},"28":{"start":{"line":59,"column":8},"end":{"line":59,"column":null}},"29":{"start":{"line":60,"column":6},"end":{"line":60,"column":null}},"30":{"start":{"line":64,"column":37},"end":{"line":64,"column":null}},"31":{"start":{"line":79,"column":21},"end":{"line":79,"column":49}},"32":{"start":{"line":80,"column":12},"end":{"line":80,"column":64}},"33":{"start":{"line":81,"column":12},"end":{"line":81,"column":75}},"34":{"start":{"line":81,"column":49},"end":{"line":81,"column":74}},"35":{"start":{"line":82,"column":13},"end":{"line":82,"column":null}},"36":{"start":{"line":82,"column":13},"end":{"line":102,"column":null}},"37":{"start":{"line":108,"column":4},"end":{"line":109,"column":null}},"38":{"start":{"line":109,"column":2},"end":{"line":109,"column":null}},"39":{"start":{"line":111,"column":2},"end":{"line":111,"column":null}},"40":{"start":{"line":112,"column":2},"end":{"line":112,"column":null}},"41":{"start":{"line":113,"column":4},"end":{"line":155,"column":61}},"42":{"start":{"line":114,"column":10},"end":{"line":114,"column":null}},"43":{"start":{"line":115,"column":9},"end":{"line":115,"column":30}},"44":{"start":{"line":116,"column":6},"end":{"line":134,"column":null}},"45":{"start":{"line":117,"column":14},"end":{"line":121,"column":34}},"46":{"start":{"line":117,"column":14},"end":{"line":117,"column":null}},"47":{"start":{"line":121,"column":34},"end":{"line":133,"column":null}},"48":{"start":{"line":135,"column":10},"end":{"line":135,"column":45}},"49":{"start":{"line":136,"column":19},"end":{"line":136,"column":null}},"50":{"start":{"line":137,"column":10},"end":{"line":137,"column":53}},"51":{"start":{"line":139,"column":10},"end":{"line":139,"column":null}},"52":{"start":{"line":140,"column":4},"end":{"line":140,"column":null}},"53":{"start":{"line":141,"column":4},"end":{"line":141,"column":null}},"54":{"start":{"line":142,"column":4},"end":{"line":142,"column":null}},"55":{"start":{"line":143,"column":4},"end":{"line":143,"column":null}},"56":{"start":{"line":144,"column":4},"end":{"line":144,"column":null}},"57":{"start":{"line":145,"column":4},"end":{"line":145,"column":null}},"58":{"start":{"line":147,"column":4},"end":{"line":147,"column":null}},"59":{"start":{"line":148,"column":6},"end":{"line":152,"column":47}},"60":{"start":{"line":149,"column":6},"end":{"line":149,"column":null}},"61":{"start":{"line":150,"column":6},"end":{"line":150,"column":null}},"62":{"start":{"line":151,"column":4},"end":{"line":151,"column":null}},"63":{"start":{"line":153,"column":2},"end":{"line":153,"column":null}},"64":{"start":{"line":156,"column":0},"end":{"line":156,"column":null}},"65":{"start":{"line":159,"column":0},"end":{"line":159,"column":null}},"66":{"start":{"line":165,"column":9},"end":{"line":165,"column":null}},"67":{"start":{"line":169,"column":9},"end":{"line":169,"column":51}},"68":{"start":{"line":180,"column":13},"end":{"line":180,"column":null}},"69":{"start":{"line":183,"column":18},"end":{"line":183,"column":73}},"70":{"start":{"line":187,"column":18},"end":{"line":187,"column":67}},"71":{"start":{"line":191,"column":18},"end":{"line":191,"column":93}},"72":{"start":{"line":195,"column":18},"end":{"line":195,"column":90}},"73":{"start":{"line":199,"column":18},"end":{"line":199,"column":54}},"74":{"start":{"line":203,"column":18},"end":{"line":203,"column":86}},"75":{"start":{"line":210,"column":9},"end":{"line":210,"column":null}},"76":{"start":{"line":163,"column":2},"end":{"line":163,"column":null}}},"fnMap":{"0":{"name":"(anonymous_0)","decl":{"start":{"line":16,"column":61},"end":{"line":16,"column":null}},"loc":{"start":{"line":16,"column":61},"end":{"line":16,"column":null}},"line":16},"1":{"name":"(anonymous_1)","decl":{"start":{"line":22,"column":31},"end":{"line":22,"column":null}},"loc":{"start":{"line":22,"column":31},"end":{"line":22,"column":null}},"line":22},"2":{"name":"(anonymous_2)","decl":{"start":{"line":23,"column":20},"end":{"line":23,"column":26}},"loc":{"start":{"line":23,"column":31},"end":{"line":33,"column":null}},"line":23},"3":{"name":"(anonymous_3)","decl":{"start":{"line":29,"column":46},"end":{"line":29,"column":51}},"loc":{"start":{"line":29,"column":53},"end":{"line":29,"column":63}},"line":29},"4":{"name":"(anonymous_4)","decl":{"start":{"line":30,"column":41},"end":{"line":30,"column":null}},"loc":{"start":{"line":30,"column":41},"end":{"line":30,"column":null}},"line":30},"5":{"name":"(anonymous_5)","decl":{"start":{"line":34,"column":20},"end":{"line":34,"column":26}},"loc":{"start":{"line":34,"column":26},"end":{"line":106,"column":null}},"line":34},"6":{"name":"(anonymous_6)","decl":{"start":{"line":50,"column":8},"end":{"line":50,"column":13}},"loc":{"start":{"line":50,"column":23},"end":{"line":61,"column":null}},"line":50},"7":{"name":"(anonymous_7)","decl":{"start":{"line":56,"column":21},"end":{"line":56,"column":24}},"loc":{"start":{"line":56,"column":30},"end":{"line":58,"column":null}},"line":56},"8":{"name":"(anonymous_8)","decl":{"start":{"line":64,"column":26},"end":{"line":64,"column":37}},"loc":{"start":{"line":64,"column":37},"end":{"line":64,"column":null}},"line":64},"9":{"name":"(anonymous_9)","decl":{"start":{"line":78,"column":25},"end":{"line":78,"column":33}},"loc":{"start":{"line":78,"column":46},"end":{"line":103,"column":null}},"line":78},"10":{"name":"(anonymous_10)","decl":{"start":{"line":81,"column":41},"end":{"line":81,"column":45}},"loc":{"start":{"line":81,"column":49},"end":{"line":81,"column":74}},"line":81},"11":{"name":"(anonymous_11)","decl":{"start":{"line":82,"column":13},"end":{"line":82,"column":null}},"loc":{"start":{"line":82,"column":13},"end":{"line":82,"column":null}},"line":82},"12":{"name":"startStream","decl":{"start":{"line":107,"column":6},"end":{"line":107,"column":null}},"loc":{"start":{"line":107,"column":6},"end":{"line":158,"column":null}},"line":107},"13":{"name":"(anonymous_13)","decl":{"start":{"line":113,"column":22},"end":{"line":113,"column":28}},"loc":{"start":{"line":113,"column":32},"end":{"line":155,"column":61}},"line":113},"14":{"name":"(anonymous_14)","decl":{"start":{"line":117,"column":14},"end":{"line":117,"column":null}},"loc":{"start":{"line":117,"column":14},"end":{"line":117,"column":null}},"line":117},"15":{"name":"(anonymous_15)","decl":{"start":{"line":156,"column":0},"end":{"line":156,"column":null}},"loc":{"start":{"line":156,"column":0},"end":{"line":156,"column":null}},"line":156}},"branchMap":{"0":{"loc":{"start":{"line":25,"column":4},"end":{"line":27,"column":null}},"type":"if","locations":[{"start":{"line":25,"column":4},"end":{"line":27,"column":null}},{"start":{},"end":{}}],"line":25},"1":{"loc":{"start":{"line":36,"column":4},"end":{"line":42,"column":9}},"type":"if","locations":[{"start":{"line":36,"column":4},"end":{"line":42,"column":9}},{"start":{},"end":{}}],"line":36},"2":{"loc":{"start":{"line":51,"column":10},"end":{"line":52,"column":null}},"type":"if","locations":[{"start":{"line":51,"column":10},"end":{"line":52,"column":null}},{"start":{},"end":{}}],"line":51},"3":{"loc":{"start":{"line":51,"column":10},"end":{"line":51,"column":null}},"type":"binary-expr","locations":[{"start":{"line":51,"column":10},"end":{"line":51,"column":17}},{"start":{"line":51,"column":17},"end":{"line":51,"column":null}}],"line":51},"4":{"loc":{"start":{"line":80,"column":12},"end":{"line":80,"column":64}},"type":"binary-expr","locations":[{"start":{"line":80,"column":12},"end":{"line":80,"column":45}},{"start":{"line":80,"column":48},"end":{"line":80,"column":64}}],"line":80},"5":{"loc":{"start":{"line":108,"column":4},"end":{"line":109,"column":null}},"type":"if","locations":[{"start":{"line":108,"column":4},"end":{"line":109,"column":null}},{"start":{},"end":{}}],"line":108},"6":{"loc":{"start":{"line":116,"column":6},"end":{"line":134,"column":null}},"type":"if","locations":[{"start":{"line":116,"column":6},"end":{"line":134,"column":null}},{"start":{},"end":{}}],"line":116},"7":{"loc":{"start":{"line":117,"column":14},"end":{"line":121,"column":34}},"type":"binary-expr","locations":[{"start":{"line":117,"column":14},"end":{"line":117,"column":null}},{"start":{"line":117,"column":14},"end":{"line":121,"column":34}}],"line":117},"8":{"loc":{"start":{"line":130,"column":8},"end":{"line":130,"column":29}},"type":"binary-expr","locations":[{"start":{"line":130,"column":8},"end":{"line":130,"column":20}},{"start":{"line":130,"column":20},"end":{"line":130,"column":29}}],"line":130},"9":{"loc":{"start":{"line":131,"column":12},"end":{"line":131,"column":null}},"type":"binary-expr","locations":[{"start":{"line":131,"column":12},"end":{"line":131,"column":23}},{"start":{"line":131,"column":23},"end":{"line":131,"column":null}}],"line":131},"10":{"loc":{"start":{"line":132,"column":7},"end":{"line":132,"column":null}},"type":"binary-expr","locations":[{"start":{"line":132,"column":7},"end":{"line":132,"column":null}},{"start":{"line":132,"column":7},"end":{"line":132,"column":null}}],"line":132},"11":{"loc":{"start":{"line":148,"column":6},"end":{"line":152,"column":47}},"type":"if","locations":[{"start":{"line":148,"column":6},"end":{"line":152,"column":47}},{"start":{},"end":{}}],"line":148},"12":{"loc":{"start":{"line":166,"column":6},"end":{"line":169,"column":9}},"type":"binary-expr","locations":[{"start":{"line":166,"column":6},"end":{"line":168,"column":null}},{"start":{"line":168,"column":11},"end":{"line":169,"column":9}}],"line":166},"13":{"loc":{"start":{"line":207,"column":10},"end":{"line":209,"column":null}},"type":"cond-expr","locations":[{"start":{"line":175,"column":6},"end":{"line":209,"column":null}},{"start":{"line":209,"column":4},"end":{"line":209,"column":null}}],"line":207},"14":{"loc":{"start":{"line":177,"column":10},"end":{"line":178,"column":104}},"type":"binary-expr","locations":[{"start":{"line":177,"column":10},"end":{"line":177,"column":null}},{"start":{"line":177,"column":41},"end":{"line":178,"column":104}}],"line":177},"15":{"loc":{"start":{"line":178,"column":114},"end":{"line":178,"column":170}},"type":"binary-expr","locations":[{"start":{"line":178,"column":114},"end":{"line":178,"column":170}},{"start":{"line":178,"column":114},"end":{"line":178,"column":170}}],"line":178},"16":{"loc":{"start":{"line":182,"column":12},"end":{"line":183,"column":18}},"type":"binary-expr","locations":[{"start":{"line":182,"column":12},"end":{"line":182,"column":null}},{"start":{"line":182,"column":54},"end":{"line":183,"column":18}}],"line":182},"17":{"loc":{"start":{"line":186,"column":12},"end":{"line":187,"column":18}},"type":"binary-expr","locations":[{"start":{"line":186,"column":12},"end":{"line":186,"column":null}},{"start":{"line":186,"column":51},"end":{"line":187,"column":18}}],"line":186},"18":{"loc":{"start":{"line":190,"column":12},"end":{"line":191,"column":18}},"type":"binary-expr","locations":[{"start":{"line":190,"column":12},"end":{"line":190,"column":null}},{"start":{"line":190,"column":57},"end":{"line":191,"column":18}}],"line":190},"19":{"loc":{"start":{"line":194,"column":12},"end":{"line":195,"column":18}},"type":"binary-expr","locations":[{"start":{"line":194,"column":12},"end":{"line":194,"column":null}},{"start":{"line":194,"column":55},"end":{"line":195,"column":18}}],"line":194},"20":{"loc":{"start":{"line":198,"column":12},"end":{"line":199,"column":18}},"type":"binary-expr","locations":[{"start":{"line":198,"column":12},"end":{"line":198,"column":null}},{"start":{"line":198,"column":61},"end":{"line":199,"column":18}}],"line":198},"21":{"loc":{"start":{"line":202,"column":12},"end":{"line":203,"column":18}},"type":"binary-expr","locations":[{"start":{"line":202,"column":12},"end":{"line":202,"column":null}},{"start":{"line":202,"column":59},"end":{"line":203,"column":18}}],"line":202}},"s":{"0":0,"1":0,"2":0,"3":0,"4":0,"5":0,"6":0,"7":0,"8":0,"9":0,"10":0,"11":0,"12":0,"13":0,"14":0,"15":0,"16":0,"17":0,"18":0,"19":0,"20":0,"21":0,"22":0,"23":0,"24":0,"25":0,"26":0,"27":0,"28":0,"29":0,"30":0,"31":0,"32":0,"33":0,"34":0,"35":0,"36":0,"37":0,"38":0,"39":0,"40":0,"41":0,"42":0,"43":0,"44":0,"45":0,"46":0,"47":0,"48":0,"49":0,"50":0,"51":0,"52":0,"53":0,"54":0,"55":0,"56":0,"57":0,"58":0,"59":0,"60":0,"61":0,"62":0,"63":0,"64":0,"65":0,"66":9,"67":9,"68":9,"69":9,"70":9,"71":9,"72":9,"73":9,"74":9,"75":9,"76":0},"f":{"0":0,"1":0,"2":0,"3":0,"4":0,"5":0,"6":0,"7":0,"8":0,"9":0,"10":0,"11":0,"12":0,"13":0,"14":0,"15":0},"b":{"0":[0,0],"1":[0,0],"2":[0,0],"3":[0,0],"4":[0,0],"5":[0,0],"6":[0,0],"7":[0,0],"8":[0,0],"9":[0,0],"10":[0,0],"11":[0,0],"12":[0,0],"13":[0,0],"14":[0,0],"15":[0,0],"16":[0,0],"17":[0,0],"18":[0,0],"19":[0,0],"20":[0,0],"21":[0,0]},"meta":{"lastBranch":22,"lastFunction":16,"lastStatement":77,"seen":{"s:16:52:16:Infinity":0,"f:16:61:16:Infinity":0,"s:16:61:16:Infinity":1,"s:18:38:18:Infinity":2,"s:20:6:20:22":3,"s:22:16:22:Infinity":4,"f:22:31:22:Infinity":1,"s:22:31:22:Infinity":5,"s:23:8:33:Infinity":6,"f:23:20:23:26":2,"s:24:16:24:Infinity":7,"b:25:4:27:Infinity:undefined:undefined:undefined:undefined":0,"s:25:4:27:Infinity":8,"s:27:2:27:Infinity":9,"s:28:8:28:31":10,"s:29:20:29:Infinity":11,"f:29:46:29:51":3,"s:29:53:29:63":12,"s:30:18:30:Infinity":13,"f:30:41:30:Infinity":4,"s:30:41:30:Infinity":14,"s:31:1:31:Infinity":15,"s:34:8:106:Infinity":16,"f:34:20:34:26":5,"s:35:16:35:Infinity":17,"b:36:4:42:9:undefined:undefined:undefined:undefined":1,"s:36:4:42:9":18,"s:36:11:40:Infinity":19,"s:42:9:104:Infinity":20,"f:50:8:50:13":6,"b:51:10:52:Infinity:undefined:undefined:undefined:undefined":2,"s:51:10:52:Infinity":21,"b:51:10:51:17:51:17:51:Infinity":3,"s:52:8:52:Infinity":22,"s:53:24:53:Infinity":23,"s:54:22:54:Infinity":24,"s:55:15:55:Infinity":25,"s:56:10:58:Infinity":26,"f:56:21:56:24":7,"s:57:9:57:Infinity":27,"s:59:8:59:Infinity":28,"s:60:6:60:Infinity":29,"f:64:26:64:37":8,"s:64:37:64:Infinity":30,"f:78:25:78:33":9,"s:79:21:79:49":31,"s:80:12:80:64":32,"b:80:12:80:45:80:48:80:64":4,"s:81:12:81:75":33,"f:81:41:81:45":10,"s:81:49:81:74":34,"s:82:13:82:Infinity":35,"f:82:13:82:Infinity":11,"s:82:13:102:Infinity":36,"f:107:6:107:Infinity":12,"b:108:4:109:Infinity:undefined:undefined:undefined:undefined":5,"s:108:4:109:Infinity":37,"s:109:2:109:Infinity":38,"s:111:2:111:Infinity":39,"s:112:2:112:Infinity":40,"s:113:4:155:61":41,"f:113:22:113:28":13,"s:114:10:114:Infinity":42,"s:115:9:115:30":43,"b:116:6:134:Infinity:undefined:undefined:undefined:undefined":6,"s:116:6:134:Infinity":44,"s:117:14:121:34":45,"b:117:14:117:Infinity:117:14:121:34":7,"f:117:14:117:Infinity":14,"s:117:14:117:Infinity":46,"s:121:34:133:Infinity":47,"b:130:8:130:20:130:20:130:29":8,"b:131:12:131:23:131:23:131:Infinity":9,"b:132:7:132:Infinity:132:7:132:Infinity":10,"s:135:10:135:45":48,"s:136:19:136:Infinity":49,"s:137:10:137:53":50,"s:139:10:139:Infinity":51,"s:140:4:140:Infinity":52,"s:141:4:141:Infinity":53,"s:142:4:142:Infinity":54,"s:143:4:143:Infinity":55,"s:144:4:144:Infinity":56,"s:145:4:145:Infinity":57,"s:147:4:147:Infinity":58,"b:148:6:152:47:undefined:undefined:undefined:undefined":11,"s:148:6:152:47":59,"s:149:6:149:Infinity":60,"s:150:6:150:Infinity":61,"s:151:4:151:Infinity":62,"s:153:2:153:Infinity":63,"s:156:0:156:Infinity":64,"f:156:0:156:Infinity":15,"s:159:0:159:Infinity":65,"s:165:9:165:Infinity":66,"s:169:9:169:51":67,"s:180:13:180:Infinity":68,"s:183:18:183:73":69,"s:187:18:187:67":70,"s:191:18:191:93":71,"s:195:18:195:90":72,"s:199:18:199:54":73,"s:203:18:203:86":74,"s:210:9:210:Infinity":75,"s:163:2:163:Infinity":76,"b:166:6:168:Infinity:168:11:169:9":12,"b:175:6:209:Infinity:209:4:209:Infinity":13,"b:177:10:177:Infinity:177:41:178:104":14,"b:178:114:178:170:178:114:178:170":15,"b:182:12:182:Infinity:182:54:183:18":16,"b:186:12:186:Infinity:186:51:187:18":17,"b:190:12:190:Infinity:190:57:191:18":18,"b:194:12:194:Infinity:194:55:195:18":19,"b:198:12:198:Infinity:198:61:199:18":20,"b:202:12:202:Infinity:202:59:203:18":21}}}
,"/home/mark/dev/projects/nuxt-net-monitoring/app/components/PingStream.vue": {"path":"/home/mark/dev/projects/nuxt-net-monitoring/app/components/PingStream.vue","statementMap":{"0":{"start":{"line":9,"column":0},"end":{"line":9,"column":null}},"1":{"start":{"line":11,"column":4},"end":{"line":11,"column":null}},"2":{"start":{"line":12,"column":6},"end":{"line":12,"column":22}},"3":{"start":{"line":14,"column":16},"end":{"line":14,"column":null}},"4":{"start":{"line":14,"column":31},"end":{"line":14,"column":null}},"5":{"start":{"line":15,"column":8},"end":{"line":38,"column":null}},"6":{"start":{"line":16,"column":8},"end":{"line":16,"column":null}},"7":{"start":{"line":17,"column":8},"end":{"line":17,"column":31}},"8":{"start":{"line":18,"column":8},"end":{"line":18,"column":68}},"9":{"start":{"line":18,"column":39},"end":{"line":18,"column":66}},"10":{"start":{"line":19,"column":20},"end":{"line":19,"column":null}},"11":{"start":{"line":19,"column":43},"end":{"line":19,"column":null}},"12":{"start":{"line":21,"column":8},"end":{"line":21,"column":68}},"13":{"start":{"line":21,"column":40},"end":{"line":21,"column":68}},"14":{"start":{"line":22,"column":21},"end":{"line":23,"column":null}},"15":{"start":{"line":23,"column":6},"end":{"line":23,"column":30}},"16":{"start":{"line":23,"column":44},"end":{"line":23,"column":null}},"17":{"start":{"line":26,"column":21},"end":{"line":26,"column":null}},"18":{"start":{"line":26,"column":67},"end":{"line":26,"column":null}},"19":{"start":{"line":28,"column":9},"end":{"line":28,"column":null}},"20":{"start":{"line":28,"column":9},"end":{"line":36,"column":null}},"21":{"start":{"line":39,"column":8},"end":{"line":137,"column":null}},"22":{"start":{"line":40,"column":15},"end":{"line":40,"column":null}},"23":{"start":{"line":41,"column":4},"end":{"line":47,"column":9}},"24":{"start":{"line":41,"column":11},"end":{"line":45,"column":null}},"25":{"start":{"line":47,"column":9},"end":{"line":135,"column":null}},"26":{"start":{"line":56,"column":10},"end":{"line":57,"column":null}},"27":{"start":{"line":57,"column":8},"end":{"line":57,"column":null}},"28":{"start":{"line":58,"column":24},"end":{"line":58,"column":null}},"29":{"start":{"line":59,"column":22},"end":{"line":59,"column":null}},"30":{"start":{"line":60,"column":15},"end":{"line":60,"column":null}},"31":{"start":{"line":61,"column":10},"end":{"line":65,"column":null}},"32":{"start":{"line":62,"column":12},"end":{"line":64,"column":null}},"33":{"start":{"line":63,"column":10},"end":{"line":63,"column":null}},"34":{"start":{"line":66,"column":8},"end":{"line":66,"column":null}},"35":{"start":{"line":67,"column":6},"end":{"line":67,"column":null}},"36":{"start":{"line":71,"column":37},"end":{"line":71,"column":49}},"37":{"start":{"line":82,"column":6},"end":{"line":82,"column":null}},"38":{"start":{"line":94,"column":21},"end":{"line":94,"column":49}},"39":{"start":{"line":97,"column":12},"end":{"line":97,"column":null}},"40":{"start":{"line":99,"column":13},"end":{"line":99,"column":null}},"41":{"start":{"line":99,"column":13},"end":{"line":133,"column":null}},"42":{"start":{"line":139,"column":4},"end":{"line":141,"column":null}},"43":{"start":{"line":141,"column":2},"end":{"line":141,"column":null}},"44":{"start":{"line":143,"column":2},"end":{"line":143,"column":null}},"45":{"start":{"line":145,"column":2},"end":{"line":145,"column":null}},"46":{"start":{"line":146,"column":4},"end":{"line":175,"column":61}},"47":{"start":{"line":147,"column":17},"end":{"line":147,"column":null}},"48":{"start":{"line":148,"column":10},"end":{"line":148,"column":28}},"49":{"start":{"line":149,"column":10},"end":{"line":149,"column":null}},"50":{"start":{"line":151,"column":21},"end":{"line":151,"column":null}},"51":{"start":{"line":152,"column":6},"end":{"line":160,"column":null}},"52":{"start":{"line":152,"column":28},"end":{"line":158,"column":null}},"53":{"start":{"line":161,"column":13},"end":{"line":161,"column":null}},"54":{"start":{"line":162,"column":4},"end":{"line":162,"column":null}},"55":{"start":{"line":163,"column":4},"end":{"line":163,"column":null}},"56":{"start":{"line":164,"column":4},"end":{"line":164,"column":null}},"57":{"start":{"line":166,"column":4},"end":{"line":166,"column":null}},"58":{"start":{"line":167,"column":6},"end":{"line":172,"column":37}},"59":{"start":{"line":168,"column":6},"end":{"line":168,"column":null}},"60":{"start":{"line":169,"column":4},"end":{"line":169,"column":null}},"61":{"start":{"line":173,"column":2},"end":{"line":173,"column":null}},"62":{"start":{"line":176,"column":0},"end":{"line":176,"column":null}},"63":{"start":{"line":179,"column":0},"end":{"line":179,"column":null}},"64":{"start":{"line":185,"column":9},"end":{"line":185,"column":null}},"65":{"start":{"line":189,"column":9},"end":{"line":189,"column":51}},"66":{"start":{"line":198,"column":14},"end":{"line":198,"column":76}},"67":{"start":{"line":200,"column":11},"end":{"line":200,"column":null}},"68":{"start":{"line":202,"column":14},"end":{"line":202,"column":78}},"69":{"start":{"line":204,"column":11},"end":{"line":204,"column":null}},"70":{"start":{"line":206,"column":14},"end":{"line":206,"column":77}},"71":{"start":{"line":208,"column":11},"end":{"line":208,"column":null}},"72":{"start":{"line":210,"column":14},"end":{"line":210,"column":null}},"73":{"start":{"line":214,"column":11},"end":{"line":214,"column":null}},"74":{"start":{"line":216,"column":14},"end":{"line":216,"column":null}},"75":{"start":{"line":233,"column":13},"end":{"line":233,"column":19}},"76":{"start":{"line":245,"column":18},"end":{"line":245,"column":92}},"77":{"start":{"line":247,"column":15},"end":{"line":247,"column":null}},"78":{"start":{"line":261,"column":9},"end":{"line":261,"column":null}},"79":{"start":{"line":183,"column":2},"end":{"line":183,"column":null}}},"fnMap":{"0":{"name":"(anonymous_0)","decl":{"start":{"line":14,"column":31},"end":{"line":14,"column":null}},"loc":{"start":{"line":14,"column":31},"end":{"line":14,"column":null}},"line":14},"1":{"name":"(anonymous_1)","decl":{"start":{"line":15,"column":25},"end":{"line":15,"column":30}},"loc":{"start":{"line":15,"column":30},"end":{"line":38,"column":null}},"line":15},"2":{"name":"(anonymous_2)","decl":{"start":{"line":18,"column":32},"end":{"line":18,"column":39}},"loc":{"start":{"line":18,"column":39},"end":{"line":18,"column":66}},"line":18},"3":{"name":"(anonymous_3)","decl":{"start":{"line":19,"column":36},"end":{"line":19,"column":41}},"loc":{"start":{"line":19,"column":43},"end":{"line":19,"column":null}},"line":19},"4":{"name":"(anonymous_4)","decl":{"start":{"line":21,"column":32},"end":{"line":21,"column":40}},"loc":{"start":{"line":21,"column":40},"end":{"line":21,"column":68}},"line":21},"5":{"name":"(anonymous_5)","decl":{"start":{"line":22,"column":34},"end":{"line":22,"column":43}},"loc":{"start":{"line":23,"column":6},"end":{"line":23,"column":30}},"line":23},"6":{"name":"(anonymous_6)","decl":{"start":{"line":23,"column":36},"end":{"line":23,"column":40}},"loc":{"start":{"line":23,"column":44},"end":{"line":23,"column":null}},"line":23},"7":{"name":"(anonymous_7)","decl":{"start":{"line":26,"column":63},"end":{"line":26,"column":66}},"loc":{"start":{"line":26,"column":67},"end":{"line":26,"column":null}},"line":26},"8":{"name":"(anonymous_8)","decl":{"start":{"line":28,"column":9},"end":{"line":28,"column":null}},"loc":{"start":{"line":28,"column":9},"end":{"line":28,"column":null}},"line":28},"9":{"name":"(anonymous_9)","decl":{"start":{"line":39,"column":19},"end":{"line":39,"column":25}},"loc":{"start":{"line":39,"column":30},"end":{"line":137,"column":null}},"line":39},"10":{"name":"(anonymous_10)","decl":{"start":{"line":55,"column":8},"end":{"line":55,"column":13}},"loc":{"start":{"line":55,"column":23},"end":{"line":68,"column":null}},"line":55},"11":{"name":"(anonymous_11)","decl":{"start":{"line":61,"column":20},"end":{"line":61,"column":28}},"loc":{"start":{"line":61,"column":34},"end":{"line":65,"column":null}},"line":61},"12":{"name":"(anonymous_12)","decl":{"start":{"line":71,"column":19},"end":{"line":71,"column":26}},"loc":{"start":{"line":71,"column":37},"end":{"line":71,"column":49}},"line":71},"13":{"name":"(anonymous_13)","decl":{"start":{"line":82,"column":6},"end":{"line":82,"column":null}},"loc":{"start":{"line":82,"column":6},"end":{"line":82,"column":null}},"line":82},"14":{"name":"(anonymous_14)","decl":{"start":{"line":93,"column":25},"end":{"line":93,"column":33}},"loc":{"start":{"line":93,"column":46},"end":{"line":134,"column":null}},"line":93},"15":{"name":"(anonymous_15)","decl":{"start":{"line":99,"column":13},"end":{"line":99,"column":null}},"loc":{"start":{"line":99,"column":13},"end":{"line":99,"column":null}},"line":99},"16":{"name":"startStream","decl":{"start":{"line":138,"column":6},"end":{"line":138,"column":null}},"loc":{"start":{"line":138,"column":6},"end":{"line":178,"column":null}},"line":138},"17":{"name":"(anonymous_17)","decl":{"start":{"line":146,"column":25},"end":{"line":146,"column":31}},"loc":{"start":{"line":146,"column":35},"end":{"line":175,"column":61}},"line":146},"18":{"name":"(anonymous_18)","decl":{"start":{"line":176,"column":0},"end":{"line":176,"column":null}},"loc":{"start":{"line":176,"column":0},"end":{"line":176,"column":null}},"line":176}},"branchMap":{"0":{"loc":{"start":{"line":26,"column":21},"end":{"line":26,"column":null}},"type":"cond-expr","locations":[{"start":{"line":26,"column":46},"end":{"line":26,"column":null}},{"start":{"line":26,"column":67},"end":{"line":26,"column":null}}],"line":26},"1":{"loc":{"start":{"line":41,"column":4},"end":{"line":47,"column":9}},"type":"if","locations":[{"start":{"line":41,"column":4},"end":{"line":47,"column":9}},{"start":{},"end":{}}],"line":41},"2":{"loc":{"start":{"line":56,"column":10},"end":{"line":57,"column":null}},"type":"if","locations":[{"start":{"line":56,"column":10},"end":{"line":57,"column":null}},{"start":{},"end":{}}],"line":56},"3":{"loc":{"start":{"line":56,"column":10},"end":{"line":56,"column":null}},"type":"binary-expr","locations":[{"start":{"line":56,"column":10},"end":{"line":56,"column":17}},{"start":{"line":56,"column":17},"end":{"line":56,"column":null}}],"line":56},"4":{"loc":{"start":{"line":62,"column":12},"end":{"line":64,"column":null}},"type":"if","locations":[{"start":{"line":62,"column":12},"end":{"line":64,"column":null}},{"start":{},"end":{}}],"line":62},"5":{"loc":{"start":{"line":97,"column":12},"end":{"line":97,"column":null}},"type":"binary-expr","locations":[{"start":{"line":97,"column":12},"end":{"line":97,"column":45}},{"start":{"line":97,"column":49},"end":{"line":97,"column":null}}],"line":97},"6":{"loc":{"start":{"line":139,"column":4},"end":{"line":141,"column":null}},"type":"if","locations":[{"start":{"line":139,"column":4},"end":{"line":141,"column":null}},{"start":{},"end":{}}],"line":139},"7":{"loc":{"start":{"line":149,"column":10},"end":{"line":149,"column":null}},"type":"binary-expr","locations":[{"start":{"line":149,"column":10},"end":{"line":149,"column":31}},{"start":{"line":149,"column":39},"end":{"line":149,"column":null}}],"line":149},"8":{"loc":{"start":{"line":152,"column":6},"end":{"line":160,"column":null}},"type":"if","locations":[{"start":{"line":152,"column":6},"end":{"line":160,"column":null}},{"start":{},"end":{}}],"line":152},"9":{"loc":{"start":{"line":167,"column":6},"end":{"line":172,"column":37}},"type":"if","locations":[{"start":{"line":167,"column":6},"end":{"line":172,"column":37}},{"start":{},"end":{}}],"line":167},"10":{"loc":{"start":{"line":186,"column":6},"end":{"line":189,"column":9}},"type":"binary-expr","locations":[{"start":{"line":186,"column":6},"end":{"line":188,"column":null}},{"start":{"line":188,"column":11},"end":{"line":189,"column":9}}],"line":186},"11":{"loc":{"start":{"line":190,"column":75},"end":{"line":190,"column":null}},"type":"cond-expr","locations":[{"start":{"line":190,"column":75},"end":{"line":190,"column":null}},{"start":{"line":190,"column":75},"end":{"line":190,"column":null}}],"line":190},"12":{"loc":{"start":{"line":220,"column":10},"end":{"line":222,"column":null}},"type":"cond-expr","locations":[{"start":{"line":199,"column":12},"end":{"line":222,"column":null}},{"start":{"line":222,"column":4},"end":{"line":222,"column":null}}],"line":220},"13":{"loc":{"start":{"line":197,"column":8},"end":{"line":198,"column":14}},"type":"binary-expr","locations":[{"start":{"line":197,"column":8},"end":{"line":197,"column":null}},{"start":{"line":197,"column":80},"end":{"line":198,"column":14}}],"line":197},"14":{"loc":{"start":{"line":201,"column":8},"end":{"line":202,"column":14}},"type":"binary-expr","locations":[{"start":{"line":201,"column":8},"end":{"line":201,"column":null}},{"start":{"line":201,"column":75},"end":{"line":202,"column":14}}],"line":201},"15":{"loc":{"start":{"line":205,"column":8},"end":{"line":206,"column":14}},"type":"binary-expr","locations":[{"start":{"line":205,"column":8},"end":{"line":205,"column":null}},{"start":{"line":205,"column":76},"end":{"line":206,"column":14}}],"line":205},"16":{"loc":{"start":{"line":209,"column":8},"end":{"line":210,"column":14}},"type":"binary-expr","locations":[{"start":{"line":209,"column":8},"end":{"line":209,"column":null}},{"start":{"line":209,"column":80},"end":{"line":210,"column":14}}],"line":209},"17":{"loc":{"start":{"line":211,"column":45},"end":{"line":211,"column":96}},"type":"binary-expr","locations":[{"start":{"line":211,"column":45},"end":{"line":211,"column":null}},{"start":{"line":211,"column":96},"end":{"line":211,"column":96}}],"line":211},"18":{"loc":{"start":{"line":215,"column":8},"end":{"line":216,"column":14}},"type":"binary-expr","locations":[{"start":{"line":215,"column":8},"end":{"line":215,"column":null}},{"start":{"line":215,"column":81},"end":{"line":216,"column":14}}],"line":215},"19":{"loc":{"start":{"line":217,"column":45},"end":{"line":217,"column":96}},"type":"binary-expr","locations":[{"start":{"line":217,"column":45},"end":{"line":217,"column":null}},{"start":{"line":217,"column":96},"end":{"line":217,"column":96}}],"line":217},"20":{"loc":{"start":{"line":258,"column":10},"end":{"line":260,"column":null}},"type":"cond-expr","locations":[{"start":{"line":224,"column":6},"end":{"line":260,"column":null}},{"start":{"line":260,"column":4},"end":{"line":260,"column":null}}],"line":258},"21":{"loc":{"start":{"line":230,"column":10},"end":{"line":231,"column":22}},"type":"binary-expr","locations":[{"start":{"line":230,"column":10},"end":{"line":230,"column":null}},{"start":{"line":230,"column":41},"end":{"line":231,"column":22}}],"line":230},"22":{"loc":{"start":{"line":231,"column":114},"end":{"line":231,"column":163}},"type":"binary-expr","locations":[{"start":{"line":231,"column":114},"end":{"line":231,"column":163}},{"start":{"line":231,"column":114},"end":{"line":231,"column":163}}],"line":231},"23":{"loc":{"start":{"line":235,"column":12},"end":{"line":236,"column":null}},"type":"binary-expr","locations":[{"start":{"line":235,"column":12},"end":{"line":235,"column":null}},{"start":{"line":235,"column":56},"end":{"line":236,"column":null}}],"line":235},"24":{"loc":{"start":{"line":238,"column":90},"end":{"line":238,"column":null}},"type":"cond-expr","locations":[{"start":{"line":238,"column":90},"end":{"line":238,"column":null}},{"start":{"line":238,"column":90},"end":{"line":238,"column":null}}],"line":238},"25":{"loc":{"start":{"line":241,"column":12},"end":{"line":241,"column":19}},"type":"binary-expr","locations":[{"start":{"line":241,"column":12},"end":{"line":241,"column":19}},{"start":{"line":241,"column":12},"end":{"line":241,"column":19}}],"line":241},"26":{"loc":{"start":{"line":244,"column":12},"end":{"line":245,"column":18}},"type":"binary-expr","locations":[{"start":{"line":244,"column":12},"end":{"line":244,"column":null}},{"start":{"line":244,"column":52},"end":{"line":245,"column":18}}],"line":244},"27":{"loc":{"start":{"line":248,"column":12},"end":{"line":249,"column":null}},"type":"binary-expr","locations":[{"start":{"line":248,"column":12},"end":{"line":248,"column":null}},{"start":{"line":248,"column":55},"end":{"line":249,"column":null}}],"line":248},"28":{"loc":{"start":{"line":251,"column":86},"end":{"line":251,"column":null}},"type":"cond-expr","locations":[{"start":{"line":251,"column":86},"end":{"line":251,"column":null}},{"start":{"line":251,"column":86},"end":{"line":251,"column":null}}],"line":251}},"s":{"0":0,"1":0,"2":0,"3":0,"4":0,"5":0,"6":0,"7":0,"8":0,"9":0,"10":0,"11":0,"12":0,"13":0,"14":0,"15":0,"16":0,"17":0,"18":0,"19":0,"20":0,"21":0,"22":0,"23":0,"24":0,"25":0,"26":0,"27":0,"28":0,"29":0,"30":0,"31":0,"32":0,"33":0,"34":0,"35":0,"36":0,"37":0,"38":0,"39":0,"40":0,"41":0,"42":0,"43":0,"44":0,"45":0,"46":0,"47":0,"48":0,"49":0,"50":0,"51":0,"52":0,"53":0,"54":0,"55":0,"56":0,"57":0,"58":0,"59":0,"60":0,"61":0,"62":0,"63":0,"64":9,"65":9,"66":9,"67":9,"68":9,"69":9,"70":9,"71":9,"72":9,"73":9,"74":9,"75":9,"76":9,"77":9,"78":9,"79":0},"f":{"0":0,"1":0,"2":0,"3":0,"4":0,"5":0,"6":0,"7":0,"8":0,"9":0,"10":0,"11":0,"12":0,"13":0,"14":0,"15":0,"16":0,"17":0,"18":0},"b":{"0":[0,0],"1":[0,0],"2":[0,0],"3":[0,0],"4":[0,0],"5":[0,0],"6":[0,0],"7":[0,0],"8":[0,0],"9":[0,0],"10":[0,0],"11":[0,0],"12":[0,0],"13":[0,0],"14":[0,0],"15":[0,0],"16":[0,0],"17":[0,0],"18":[0,0],"19":[0,0],"20":[0,0],"21":[0,0],"22":[0,0],"23":[0,0],"24":[0,0],"25":[0,0],"26":[0,0],"27":[0,0],"28":[0,0]},"meta":{"lastBranch":29,"lastFunction":19,"lastStatement":80,"seen":{"s:9:0:9:Infinity":0,"s:11:4:11:Infinity":1,"s:12:6:12:22":2,"s:14:16:14:Infinity":3,"f:14:31:14:Infinity":0,"s:14:31:14:Infinity":4,"s:15:8:38:Infinity":5,"f:15:25:15:30":1,"s:16:8:16:Infinity":6,"s:17:8:17:31":7,"s:18:8:18:68":8,"f:18:32:18:39":2,"s:18:39:18:66":9,"s:19:20:19:Infinity":10,"f:19:36:19:41":3,"s:19:43:19:Infinity":11,"s:21:8:21:68":12,"f:21:32:21:40":4,"s:21:40:21:68":13,"s:22:21:23:Infinity":14,"f:22:34:22:43":5,"s:23:6:23:30":15,"f:23:36:23:40":6,"s:23:44:23:Infinity":16,"s:26:21:26:Infinity":17,"b:26:46:26:Infinity:26:67:26:Infinity":0,"f:26:63:26:66":7,"s:26:67:26:Infinity":18,"s:28:9:28:Infinity":19,"f:28:9:28:Infinity":8,"s:28:9:36:Infinity":20,"s:39:8:137:Infinity":21,"f:39:19:39:25":9,"s:40:15:40:Infinity":22,"b:41:4:47:9:undefined:undefined:undefined:undefined":1,"s:41:4:47:9":23,"s:41:11:45:Infinity":24,"s:47:9:135:Infinity":25,"f:55:8:55:13":10,"b:56:10:57:Infinity:undefined:undefined:undefined:undefined":2,"s:56:10:57:Infinity":26,"b:56:10:56:17:56:17:56:Infinity":3,"s:57:8:57:Infinity":27,"s:58:24:58:Infinity":28,"s:59:22:59:Infinity":29,"s:60:15:60:Infinity":30,"s:61:10:65:Infinity":31,"f:61:20:61:28":11,"b:62:12:64:Infinity:undefined:undefined:undefined:undefined":4,"s:62:12:64:Infinity":32,"s:63:10:63:Infinity":33,"s:66:8:66:Infinity":34,"s:67:6:67:Infinity":35,"f:71:19:71:26":12,"s:71:37:71:49":36,"f:82:6:82:Infinity":13,"s:82:6:82:Infinity":37,"f:93:25:93:33":14,"s:94:21:94:49":38,"s:97:12:97:Infinity":39,"b:97:12:97:45:97:49:97:Infinity":5,"s:99:13:99:Infinity":40,"f:99:13:99:Infinity":15,"s:99:13:133:Infinity":41,"f:138:6:138:Infinity":16,"b:139:4:141:Infinity:undefined:undefined:undefined:undefined":6,"s:139:4:141:Infinity":42,"s:141:2:141:Infinity":43,"s:143:2:143:Infinity":44,"s:145:2:145:Infinity":45,"s:146:4:175:61":46,"f:146:25:146:31":17,"s:147:17:147:Infinity":47,"s:148:10:148:28":48,"s:149:10:149:Infinity":49,"b:149:10:149:31:149:39:149:Infinity":7,"s:151:21:151:Infinity":50,"b:152:6:160:Infinity:undefined:undefined:undefined:undefined":8,"s:152:6:160:Infinity":51,"s:152:28:158:Infinity":52,"s:161:13:161:Infinity":53,"s:162:4:162:Infinity":54,"s:163:4:163:Infinity":55,"s:164:4:164:Infinity":56,"s:166:4:166:Infinity":57,"b:167:6:172:37:undefined:undefined:undefined:undefined":9,"s:167:6:172:37":58,"s:168:6:168:Infinity":59,"s:169:4:169:Infinity":60,"s:173:2:173:Infinity":61,"s:176:0:176:Infinity":62,"f:176:0:176:Infinity":18,"s:179:0:179:Infinity":63,"s:185:9:185:Infinity":64,"s:189:9:189:51":65,"s:198:14:198:76":66,"s:200:11:200:Infinity":67,"s:202:14:202:78":68,"s:204:11:204:Infinity":69,"s:206:14:206:77":70,"s:208:11:208:Infinity":71,"s:210:14:210:Infinity":72,"s:214:11:214:Infinity":73,"s:216:14:216:Infinity":74,"s:233:13:233:19":75,"s:245:18:245:92":76,"s:247:15:247:Infinity":77,"s:261:9:261:Infinity":78,"s:183:2:183:Infinity":79,"b:186:6:188:Infinity:188:11:189:9":10,"b:190:75:190:Infinity:190:75:190:Infinity":11,"b:199:12:222:Infinity:222:4:222:Infinity":12,"b:197:8:197:Infinity:197:80:198:14":13,"b:201:8:201:Infinity:201:75:202:14":14,"b:205:8:205:Infinity:205:76:206:14":15,"b:209:8:209:Infinity:209:80:210:14":16,"b:211:45:211:Infinity:211:96:211:96":17,"b:215:8:215:Infinity:215:81:216:14":18,"b:217:45:217:Infinity:217:96:217:96":19,"b:224:6:260:Infinity:260:4:260:Infinity":20,"b:230:10:230:Infinity:230:41:231:22":21,"b:231:114:231:163:231:114:231:163":22,"b:235:12:235:Infinity:235:56:236:Infinity":23,"b:238:90:238:Infinity:238:90:238:Infinity":24,"b:241:12:241:19:241:12:241:19":25,"b:244:12:244:Infinity:244:52:245:18":26,"b:248:12:248:Infinity:248:55:249:Infinity":27,"b:251:86:251:Infinity:251:86:251:Infinity":28}}}
,"/home/mark/dev/projects/nuxt-net-monitoring/app/pages/index.vue": {"path":"/home/mark/dev/projects/nuxt-net-monitoring/app/pages/index.vue","statementMap":{"0":{"start":{"line":3,"column":13},"end":{"line":4,"column":null}},"1":{"start":{"line":5,"column":11},"end":{"line":5,"column":null}},"2":{"start":{"line":16,"column":2},"end":{"line":16,"column":null}},"3":{"start":{"line":17,"column":4},"end":{"line":17,"column":null}},"4":{"start":{"line":25,"column":8},"end":{"line":25,"column":null}},"5":{"start":{"line":22,"column":16},"end":{"line":22,"column":null}}},"fnMap":{"0":{"name":"(anonymous_0)","decl":{"start":{"line":22,"column":16},"end":{"line":22,"column":null}},"loc":{"start":{"line":22,"column":16},"end":{"line":22,"column":null}},"line":22}},"branchMap":{"0":{"loc":{"start":{"line":22,"column":16},"end":{"line":22,"column":null}},"type":"binary-expr","locations":[{"start":{"line":22,"column":16},"end":{"line":22,"column":null}},{"start":{"line":22,"column":16},"end":{"line":22,"column":null}}],"line":22}},"s":{"0":0,"1":0,"2":0,"3":0,"4":0,"5":0},"f":{"0":0},"b":{"0":[0,0]},"meta":{"lastBranch":0,"lastFunction":0,"lastStatement":0,"seen":{}}}
,"/home/mark/dev/projects/nuxt-net-monitoring/app/pages/bandwidths/index.vue": {"path":"/home/mark/dev/projects/nuxt-net-monitoring/app/pages/bandwidths/index.vue","statementMap":{},"fnMap":{},"branchMap":{},"s":{},"f":{},"b":{},"meta":{"lastBranch":0,"lastFunction":0,"lastStatement":0,"seen":{}}}
,"/home/mark/dev/projects/nuxt-net-monitoring/app/pages/pings/index.vue": {"path":"/home/mark/dev/projects/nuxt-net-monitoring/app/pages/pings/index.vue","statementMap":{},"fnMap":{},"branchMap":{},"s":{},"f":{},"b":{},"meta":{"lastBranch":0,"lastFunction":0,"lastStatement":0,"seen":{}}}
,"/home/mark/dev/projects/nuxt-net-monitoring/app/pages/speedtest/index.vue": {"path":"/home/mark/dev/projects/nuxt-net-monitoring/app/pages/speedtest/index.vue","statementMap":{},"fnMap":{},"branchMap":{},"s":{},"f":{},"b":{},"meta":{"lastBranch":0,"lastFunction":0,"lastStatement":0,"seen":{}}}
,"/home/mark/dev/projects/nuxt-net-monitoring/app/pages/speedtest-results/index.vue": {"path":"/home/mark/dev/projects/nuxt-net-monitoring/app/pages/speedtest-results/index.vue","statementMap":{},"fnMap":{},"branchMap":{},"s":{},"f":{},"b":{},"meta":{"lastBranch":0,"lastFunction":0,"lastStatement":0,"seen":{}}}
}
